<?xml version="1.0" encoding="UTF-8"?>
<!-- Generated by org.testng.reporters.JUnitXMLReporter -->
<testsuite ignored="0" hostname="asus-tatiana" failures="0" tests="7" name="TestsStringAndNumbersOperations " time="0.324" errors="0" timestamp="06 февр. 2021 16:18:01 GMT">
  <testcase classname="NumbersOperationsTests" name="isPrimeNumbNegativeTest" time="0.122"/>
  <testcase classname="NumbersOperationsTests" name="isPrimeNumbPositiveTest" time="0.003"/>
  <testcase classname="NumbersOperationsTests" name="secondMaxValuePositiveTest" time="0.004"/>
  <testcase classname="StringOperationsTests" name="countOfWordsPositiveTest" time="0.002"/>
  <testcase classname="StringOperationsTests" name="isPalindromeNegativeTest" time="0.002"/>
  <testcase classname="StringOperationsTests" name="isPalindromePositiveTest" time="0.002"/>
  <testcase classname="StringOperationsTests" name="reverseStringPositiveTest" time="0.002"/>
</testsuite> <!-- TestsStringAndNumbersOperations  -->
