<?xml version="1.0" encoding="UTF-8"?>
<testng-results ignored="0" total="7" passed="7" failed="0" skipped="0">
  <reporter-output>
  </reporter-output>
  <suite started-at="2021-02-06T16:18:00Z" name="All tests" finished-at="2021-02-06T16:18:01Z" duration-ms="324">
    <groups>
    </groups>
    <test started-at="2021-02-06T16:18:00Z" name="TestsStringAndNumbersOperations " finished-at="2021-02-06T16:18:01Z" duration-ms="324">
      <class name="NumbersOperationsTests">
        <test-method signature="isPrimeNumbNegativeTest()[pri:0, instance:NumbersOperationsTests@3e134896]" started-at="2021-02-06T16:18:00Z" name="isPrimeNumbNegativeTest" finished-at="2021-02-06T16:18:00Z" duration-ms="122" status="PASS">
          <reporter-output>
          </reporter-output>
        </test-method> <!-- isPrimeNumbNegativeTest -->
        <test-method signature="isPrimeNumbPositiveTest()[pri:0, instance:NumbersOperationsTests@3e134896]" started-at="2021-02-06T16:18:01Z" name="isPrimeNumbPositiveTest" finished-at="2021-02-06T16:18:01Z" duration-ms="3" status="PASS">
          <reporter-output>
          </reporter-output>
        </test-method> <!-- isPrimeNumbPositiveTest -->
        <test-method signature="secondMaxValuePositiveTest()[pri:0, instance:NumbersOperationsTests@3e134896]" started-at="2021-02-06T16:18:01Z" name="secondMaxValuePositiveTest" finished-at="2021-02-06T16:18:01Z" duration-ms="4" status="PASS">
          <reporter-output>
          </reporter-output>
        </test-method> <!-- secondMaxValuePositiveTest -->
      </class> <!-- NumbersOperationsTests -->
      <class name="StringOperationsTests">
        <test-method signature="countOfWordsPositiveTest()[pri:0, instance:StringOperationsTests@72ba28ee]" started-at="2021-02-06T16:18:01Z" name="countOfWordsPositiveTest" finished-at="2021-02-06T16:18:01Z" duration-ms="2" status="PASS">
          <reporter-output>
          </reporter-output>
        </test-method> <!-- countOfWordsPositiveTest -->
        <test-method signature="isPalindromeNegativeTest()[pri:0, instance:StringOperationsTests@72ba28ee]" started-at="2021-02-06T16:18:01Z" name="isPalindromeNegativeTest" finished-at="2021-02-06T16:18:01Z" duration-ms="2" status="PASS">
          <reporter-output>
          </reporter-output>
        </test-method> <!-- isPalindromeNegativeTest -->
        <test-method signature="isPalindromePositiveTest()[pri:0, instance:StringOperationsTests@72ba28ee]" started-at="2021-02-06T16:18:01Z" name="isPalindromePositiveTest" finished-at="2021-02-06T16:18:01Z" duration-ms="2" status="PASS">
          <reporter-output>
          </reporter-output>
        </test-method> <!-- isPalindromePositiveTest -->
        <test-method signature="reverseStringPositiveTest()[pri:0, instance:StringOperationsTests@72ba28ee]" started-at="2021-02-06T16:18:01Z" name="reverseStringPositiveTest" finished-at="2021-02-06T16:18:01Z" duration-ms="2" status="PASS">
          <reporter-output>
          </reporter-output>
        </test-method> <!-- reverseStringPositiveTest -->
      </class> <!-- StringOperationsTests -->
    </test> <!-- TestsStringAndNumbersOperations  -->
  </suite> <!-- All tests -->
</testng-results>
